2025-02-14 22:56:57,249 [Worker-6: Loading available Gradle versions] INFO  o.e.b.c.i.u.g.PublishedGradleVersions - Gradle version information cache is not available. Remote download required.
2025-02-14 22:57:48,436 [Worker-10: Building] INFO  o.e.m.c.i.l.LifecycleMappingFactory - Using org.eclipse.m2e.jdt.JarLifecycleMapping lifecycle mapping for MavenProject: com.vehiclerental:demo:0.0.1-SNAPSHOT @ D:\final-wheelsOnDemand\wheelsOnDemand-api\demo\pom.xml.
2025-02-14 22:57:58,295 [main] INFO  o.e.m2e.actions.ExecutePomAction - Creating new launch configuration
2025-02-14 22:58:04,005 [Worker-10: Building] INFO  o.a.m.s.f.DefaultMavenResourcesFiltering - Copying 1 resource from src\main\resources to target\classes
2025-02-14 22:58:04,041 [Worker-10: Building] INFO  o.a.m.s.f.DefaultMavenResourcesFiltering - Copying 0 resource from src\main\resources to target\classes
2025-02-14 22:58:04,049 [Worker-10: Building] INFO  o.a.m.s.f.DefaultMavenResourcesFiltering - skip non existing resourceDirectory D:\final-wheelsOnDemand\wheelsOnDemand-api\demo\src\test\resources
2025-02-14 22:58:04,444 [Worker-12: Launching Executing clean in D__final-wheelsOnDemand_wheelsOnDemand-api_demo] INFO  o.eclipse.m2e.core.internal.Bundles - getClasspathEntries(Bundle=org.eclipse.m2e.maven.runtime_3.9.900.20240824-1409 [364])
2025-02-14 22:58:04,451 [Worker-12: Launching Executing clean in D__final-wheelsOnDemand_wheelsOnDemand-api_demo] INFO  o.eclipse.m2e.core.internal.Bundles - 	Entry: C:\Program Files\spring-tool-suite-4-4.27.0.RELEASE-e4.34.0-win32.win32.x86_64\sts-4.27.0.RELEASE\plugins\org.eclipse.m2e.maven.runtime_3.9.900.20240824-1409
2025-02-14 22:58:04,452 [Worker-12: Launching Executing clean in D__final-wheelsOnDemand_wheelsOnDemand-api_demo] INFO  o.eclipse.m2e.core.internal.Bundles - 	Entry: C:\Program Files\spring-tool-suite-4-4.27.0.RELEASE-e4.34.0-win32.win32.x86_64\sts-4.27.0.RELEASE\plugins\org.eclipse.m2e.maven.runtime_3.9.900.20240824-1409\jars\aopalliance-1.0.jar
2025-02-14 22:58:04,452 [Worker-12: Launching Executing clean in D__final-wheelsOnDemand_wheelsOnDemand-api_demo] INFO  o.eclipse.m2e.core.internal.Bundles - 	Entry: C:\Program Files\spring-tool-suite-4-4.27.0.RELEASE-e4.34.0-win32.win32.x86_64\sts-4.27.0.RELEASE\plugins\org.eclipse.m2e.maven.runtime_3.9.900.20240824-1409\jars\guice-5.1.0.jar
2025-02-14 22:58:04,453 [Worker-12: Launching Executing clean in D__final-wheelsOnDemand_wheelsOnDemand-api_demo] INFO  o.eclipse.m2e.core.internal.Bundles - 	Entry: C:\Program Files\spring-tool-suite-4-4.27.0.RELEASE-e4.34.0-win32.win32.x86_64\sts-4.27.0.RELEASE\plugins\org.eclipse.m2e.maven.runtime_3.9.900.20240824-1409\jars\httpclient-4.5.14.jar
2025-02-14 22:58:04,453 [Worker-12: Launching Executing clean in D__final-wheelsOnDemand_wheelsOnDemand-api_demo] INFO  o.eclipse.m2e.core.internal.Bundles - 	Entry: C:\Program Files\spring-tool-suite-4-4.27.0.RELEASE-e4.34.0-win32.win32.x86_64\sts-4.27.0.RELEASE\plugins\org.eclipse.m2e.maven.runtime_3.9.900.20240824-1409\jars\httpcore-4.4.16.jar
2025-02-14 22:58:04,454 [Worker-12: Launching Executing clean in D__final-wheelsOnDemand_wheelsOnDemand-api_demo] INFO  o.eclipse.m2e.core.internal.Bundles - 	Entry: C:\Program Files\spring-tool-suite-4-4.27.0.RELEASE-e4.34.0-win32.win32.x86_64\sts-4.27.0.RELEASE\plugins\org.eclipse.m2e.maven.runtime_3.9.900.20240824-1409\jars\jansi-2.4.1.jar
2025-02-14 22:58:04,454 [Worker-12: Launching Executing clean in D__final-wheelsOnDemand_wheelsOnDemand-api_demo] INFO  o.eclipse.m2e.core.internal.Bundles - 	Entry: C:\Program Files\spring-tool-suite-4-4.27.0.RELEASE-e4.34.0-win32.win32.x86_64\sts-4.27.0.RELEASE\plugins\org.eclipse.m2e.maven.runtime_3.9.900.20240824-1409\jars\jcl-over-slf4j-1.7.36.jar
2025-02-14 22:58:04,454 [Worker-12: Launching Executing clean in D__final-wheelsOnDemand_wheelsOnDemand-api_demo] INFO  o.eclipse.m2e.core.internal.Bundles - 	Entry: C:\Program Files\spring-tool-suite-4-4.27.0.RELEASE-e4.34.0-win32.win32.x86_64\sts-4.27.0.RELEASE\plugins\org.eclipse.m2e.maven.runtime_3.9.900.20240824-1409\jars\maven-artifact-3.9.9.jar
2025-02-14 22:58:04,455 [Worker-12: Launching Executing clean in D__final-wheelsOnDemand_wheelsOnDemand-api_demo] INFO  o.eclipse.m2e.core.internal.Bundles - 	Entry: C:\Program Files\spring-tool-suite-4-4.27.0.RELEASE-e4.34.0-win32.win32.x86_64\sts-4.27.0.RELEASE\plugins\org.eclipse.m2e.maven.runtime_3.9.900.20240824-1409\jars\maven-builder-support-3.9.9.jar
2025-02-14 22:58:04,455 [Worker-12: Launching Executing clean in D__final-wheelsOnDemand_wheelsOnDemand-api_demo] INFO  o.eclipse.m2e.core.internal.Bundles - 	Entry: C:\Program Files\spring-tool-suite-4-4.27.0.RELEASE-e4.34.0-win32.win32.x86_64\sts-4.27.0.RELEASE\plugins\org.eclipse.m2e.maven.runtime_3.9.900.20240824-1409\jars\maven-compat-3.9.9.jar
2025-02-14 22:58:04,456 [Worker-12: Launching Executing clean in D__final-wheelsOnDemand_wheelsOnDemand-api_demo] INFO  o.eclipse.m2e.core.internal.Bundles - 	Entry: C:\Program Files\spring-tool-suite-4-4.27.0.RELEASE-e4.34.0-win32.win32.x86_64\sts-4.27.0.RELEASE\plugins\org.eclipse.m2e.maven.runtime_3.9.900.20240824-1409\jars\maven-core-3.9.9.jar
2025-02-14 22:58:04,456 [Worker-12: Launching Executing clean in D__final-wheelsOnDemand_wheelsOnDemand-api_demo] INFO  o.eclipse.m2e.core.internal.Bundles - 	Entry: C:\Program Files\spring-tool-suite-4-4.27.0.RELEASE-e4.34.0-win32.win32.x86_64\sts-4.27.0.RELEASE\plugins\org.eclipse.m2e.maven.runtime_3.9.900.20240824-1409\jars\maven-embedder-3.9.9.jar
2025-02-14 22:58:04,457 [Worker-12: Launching Executing clean in D__final-wheelsOnDemand_wheelsOnDemand-api_demo] INFO  o.eclipse.m2e.core.internal.Bundles - 	Entry: C:\Program Files\spring-tool-suite-4-4.27.0.RELEASE-e4.34.0-win32.win32.x86_64\sts-4.27.0.RELEASE\plugins\org.eclipse.m2e.maven.runtime_3.9.900.20240824-1409\jars\maven-model-3.9.9.jar
2025-02-14 22:58:04,457 [Worker-12: Launching Executing clean in D__final-wheelsOnDemand_wheelsOnDemand-api_demo] INFO  o.eclipse.m2e.core.internal.Bundles - 	Entry: C:\Program Files\spring-tool-suite-4-4.27.0.RELEASE-e4.34.0-win32.win32.x86_64\sts-4.27.0.RELEASE\plugins\org.eclipse.m2e.maven.runtime_3.9.900.20240824-1409\jars\maven-model-builder-3.9.9.jar
2025-02-14 22:58:04,458 [Worker-12: Launching Executing clean in D__final-wheelsOnDemand_wheelsOnDemand-api_demo] INFO  o.eclipse.m2e.core.internal.Bundles - 	Entry: C:\Program Files\spring-tool-suite-4-4.27.0.RELEASE-e4.34.0-win32.win32.x86_64\sts-4.27.0.RELEASE\plugins\org.eclipse.m2e.maven.runtime_3.9.900.20240824-1409\jars\maven-plugin-api-3.9.9.jar
2025-02-14 22:58:04,458 [Worker-12: Launching Executing clean in D__final-wheelsOnDemand_wheelsOnDemand-api_demo] INFO  o.eclipse.m2e.core.internal.Bundles - 	Entry: C:\Program Files\spring-tool-suite-4-4.27.0.RELEASE-e4.34.0-win32.win32.x86_64\sts-4.27.0.RELEASE\plugins\org.eclipse.m2e.maven.runtime_3.9.900.20240824-1409\jars\maven-repository-metadata-3.9.9.jar
2025-02-14 22:58:04,459 [Worker-12: Launching Executing clean in D__final-wheelsOnDemand_wheelsOnDemand-api_demo] INFO  o.eclipse.m2e.core.internal.Bundles - 	Entry: C:\Program Files\spring-tool-suite-4-4.27.0.RELEASE-e4.34.0-win32.win32.x86_64\sts-4.27.0.RELEASE\plugins\org.eclipse.m2e.maven.runtime_3.9.900.20240824-1409\jars\maven-resolver-api-1.9.22.jar
2025-02-14 22:58:04,459 [Worker-12: Launching Executing clean in D__final-wheelsOnDemand_wheelsOnDemand-api_demo] INFO  o.eclipse.m2e.core.internal.Bundles - 	Entry: C:\Program Files\spring-tool-suite-4-4.27.0.RELEASE-e4.34.0-win32.win32.x86_64\sts-4.27.0.RELEASE\plugins\org.eclipse.m2e.maven.runtime_3.9.900.20240824-1409\jars\maven-resolver-connector-basic-1.9.22.jar
2025-02-14 22:58:04,459 [Worker-12: Launching Executing clean in D__final-wheelsOnDemand_wheelsOnDemand-api_demo] INFO  o.eclipse.m2e.core.internal.Bundles - 	Entry: C:\Program Files\spring-tool-suite-4-4.27.0.RELEASE-e4.34.0-win32.win32.x86_64\sts-4.27.0.RELEASE\plugins\org.eclipse.m2e.maven.runtime_3.9.900.20240824-1409\jars\maven-resolver-impl-1.9.22.jar
2025-02-14 22:58:04,460 [Worker-12: Launching Executing clean in D__final-wheelsOnDemand_wheelsOnDemand-api_demo] INFO  o.eclipse.m2e.core.internal.Bundles - 	Entry: C:\Program Files\spring-tool-suite-4-4.27.0.RELEASE-e4.34.0-win32.win32.x86_64\sts-4.27.0.RELEASE\plugins\org.eclipse.m2e.maven.runtime_3.9.900.20240824-1409\jars\maven-resolver-named-locks-1.9.22.jar
2025-02-14 22:58:04,460 [Worker-12: Launching Executing clean in D__final-wheelsOnDemand_wheelsOnDemand-api_demo] INFO  o.eclipse.m2e.core.internal.Bundles - 	Entry: C:\Program Files\spring-tool-suite-4-4.27.0.RELEASE-e4.34.0-win32.win32.x86_64\sts-4.27.0.RELEASE\plugins\org.eclipse.m2e.maven.runtime_3.9.900.20240824-1409\jars\maven-resolver-provider-3.9.9.jar
2025-02-14 22:58:04,460 [Worker-12: Launching Executing clean in D__final-wheelsOnDemand_wheelsOnDemand-api_demo] INFO  o.eclipse.m2e.core.internal.Bundles - 	Entry: C:\Program Files\spring-tool-suite-4-4.27.0.RELEASE-e4.34.0-win32.win32.x86_64\sts-4.27.0.RELEASE\plugins\org.eclipse.m2e.maven.runtime_3.9.900.20240824-1409\jars\maven-resolver-spi-1.9.22.jar
2025-02-14 22:58:04,461 [Worker-12: Launching Executing clean in D__final-wheelsOnDemand_wheelsOnDemand-api_demo] INFO  o.eclipse.m2e.core.internal.Bundles - 	Entry: C:\Program Files\spring-tool-suite-4-4.27.0.RELEASE-e4.34.0-win32.win32.x86_64\sts-4.27.0.RELEASE\plugins\org.eclipse.m2e.maven.runtime_3.9.900.20240824-1409\jars\maven-resolver-transport-file-1.9.22.jar
2025-02-14 22:58:04,461 [Worker-12: Launching Executing clean in D__final-wheelsOnDemand_wheelsOnDemand-api_demo] INFO  o.eclipse.m2e.core.internal.Bundles - 	Entry: C:\Program Files\spring-tool-suite-4-4.27.0.RELEASE-e4.34.0-win32.win32.x86_64\sts-4.27.0.RELEASE\plugins\org.eclipse.m2e.maven.runtime_3.9.900.20240824-1409\jars\maven-resolver-transport-http-1.9.22.jar
2025-02-14 22:58:04,462 [Worker-12: Launching Executing clean in D__final-wheelsOnDemand_wheelsOnDemand-api_demo] INFO  o.eclipse.m2e.core.internal.Bundles - 	Entry: C:\Program Files\spring-tool-suite-4-4.27.0.RELEASE-e4.34.0-win32.win32.x86_64\sts-4.27.0.RELEASE\plugins\org.eclipse.m2e.maven.runtime_3.9.900.20240824-1409\jars\maven-resolver-transport-wagon-1.9.22.jar
2025-02-14 22:58:04,462 [Worker-12: Launching Executing clean in D__final-wheelsOnDemand_wheelsOnDemand-api_demo] INFO  o.eclipse.m2e.core.internal.Bundles - 	Entry: C:\Program Files\spring-tool-suite-4-4.27.0.RELEASE-e4.34.0-win32.win32.x86_64\sts-4.27.0.RELEASE\plugins\org.eclipse.m2e.maven.runtime_3.9.900.20240824-1409\jars\maven-resolver-util-1.9.22.jar
2025-02-14 22:58:04,462 [Worker-12: Launching Executing clean in D__final-wheelsOnDemand_wheelsOnDemand-api_demo] INFO  o.eclipse.m2e.core.internal.Bundles - 	Entry: C:\Program Files\spring-tool-suite-4-4.27.0.RELEASE-e4.34.0-win32.win32.x86_64\sts-4.27.0.RELEASE\plugins\org.eclipse.m2e.maven.runtime_3.9.900.20240824-1409\jars\maven-settings-3.9.9.jar
2025-02-14 22:58:04,463 [Worker-12: Launching Executing clean in D__final-wheelsOnDemand_wheelsOnDemand-api_demo] INFO  o.eclipse.m2e.core.internal.Bundles - 	Entry: C:\Program Files\spring-tool-suite-4-4.27.0.RELEASE-e4.34.0-win32.win32.x86_64\sts-4.27.0.RELEASE\plugins\org.eclipse.m2e.maven.runtime_3.9.900.20240824-1409\jars\maven-settings-builder-3.9.9.jar
2025-02-14 22:58:04,463 [Worker-12: Launching Executing clean in D__final-wheelsOnDemand_wheelsOnDemand-api_demo] INFO  o.eclipse.m2e.core.internal.Bundles - 	Entry: C:\Program Files\spring-tool-suite-4-4.27.0.RELEASE-e4.34.0-win32.win32.x86_64\sts-4.27.0.RELEASE\plugins\org.eclipse.m2e.maven.runtime_3.9.900.20240824-1409\jars\maven-shared-utils-3.4.2.jar
2025-02-14 22:58:04,464 [Worker-12: Launching Executing clean in D__final-wheelsOnDemand_wheelsOnDemand-api_demo] INFO  o.eclipse.m2e.core.internal.Bundles - 	Entry: C:\Program Files\spring-tool-suite-4-4.27.0.RELEASE-e4.34.0-win32.win32.x86_64\sts-4.27.0.RELEASE\plugins\org.eclipse.m2e.maven.runtime_3.9.900.20240824-1409\jars\org.eclipse.sisu.inject-0.9.0.M3.jar
2025-02-14 22:58:04,464 [Worker-12: Launching Executing clean in D__final-wheelsOnDemand_wheelsOnDemand-api_demo] INFO  o.eclipse.m2e.core.internal.Bundles - 	Entry: C:\Program Files\spring-tool-suite-4-4.27.0.RELEASE-e4.34.0-win32.win32.x86_64\sts-4.27.0.RELEASE\plugins\org.eclipse.m2e.maven.runtime_3.9.900.20240824-1409\jars\org.eclipse.sisu.plexus-0.9.0.M3.jar
2025-02-14 22:58:04,465 [Worker-12: Launching Executing clean in D__final-wheelsOnDemand_wheelsOnDemand-api_demo] INFO  o.eclipse.m2e.core.internal.Bundles - 	Entry: C:\Program Files\spring-tool-suite-4-4.27.0.RELEASE-e4.34.0-win32.win32.x86_64\sts-4.27.0.RELEASE\plugins\org.eclipse.m2e.maven.runtime_3.9.900.20240824-1409\jars\plexus-build-api-0.0.7.jar
2025-02-14 22:58:04,465 [Worker-12: Launching Executing clean in D__final-wheelsOnDemand_wheelsOnDemand-api_demo] INFO  o.eclipse.m2e.core.internal.Bundles - 	Entry: C:\Program Files\spring-tool-suite-4-4.27.0.RELEASE-e4.34.0-win32.win32.x86_64\sts-4.27.0.RELEASE\plugins\org.eclipse.m2e.maven.runtime_3.9.900.20240824-1409\jars\plexus-build-api-1.2.0.jar
2025-02-14 22:58:04,465 [Worker-12: Launching Executing clean in D__final-wheelsOnDemand_wheelsOnDemand-api_demo] INFO  o.eclipse.m2e.core.internal.Bundles - 	Entry: C:\Program Files\spring-tool-suite-4-4.27.0.RELEASE-e4.34.0-win32.win32.x86_64\sts-4.27.0.RELEASE\plugins\org.eclipse.m2e.maven.runtime_3.9.900.20240824-1409\jars\plexus-cipher-2.0.jar
2025-02-14 22:58:04,465 [Worker-12: Launching Executing clean in D__final-wheelsOnDemand_wheelsOnDemand-api_demo] INFO  o.eclipse.m2e.core.internal.Bundles - 	Entry: C:\Program Files\spring-tool-suite-4-4.27.0.RELEASE-e4.34.0-win32.win32.x86_64\sts-4.27.0.RELEASE\plugins\org.eclipse.m2e.maven.runtime_3.9.900.20240824-1409\jars\plexus-classworlds-2.8.0.jar
2025-02-14 22:58:04,466 [Worker-12: Launching Executing clean in D__final-wheelsOnDemand_wheelsOnDemand-api_demo] INFO  o.eclipse.m2e.core.internal.Bundles - 	Entry: C:\Program Files\spring-tool-suite-4-4.27.0.RELEASE-e4.34.0-win32.win32.x86_64\sts-4.27.0.RELEASE\plugins\org.eclipse.m2e.maven.runtime_3.9.900.20240824-1409\jars\plexus-component-annotations-2.1.0.jar
2025-02-14 22:58:04,466 [Worker-12: Launching Executing clean in D__final-wheelsOnDemand_wheelsOnDemand-api_demo] INFO  o.eclipse.m2e.core.internal.Bundles - 	Entry: C:\Program Files\spring-tool-suite-4-4.27.0.RELEASE-e4.34.0-win32.win32.x86_64\sts-4.27.0.RELEASE\plugins\org.eclipse.m2e.maven.runtime_3.9.900.20240824-1409\jars\plexus-interpolation-1.27.jar
2025-02-14 22:58:04,467 [Worker-12: Launching Executing clean in D__final-wheelsOnDemand_wheelsOnDemand-api_demo] INFO  o.eclipse.m2e.core.internal.Bundles - 	Entry: C:\Program Files\spring-tool-suite-4-4.27.0.RELEASE-e4.34.0-win32.win32.x86_64\sts-4.27.0.RELEASE\plugins\org.eclipse.m2e.maven.runtime_3.9.900.20240824-1409\jars\plexus-sec-dispatcher-2.0.jar
2025-02-14 22:58:04,467 [Worker-12: Launching Executing clean in D__final-wheelsOnDemand_wheelsOnDemand-api_demo] INFO  o.eclipse.m2e.core.internal.Bundles - 	Entry: C:\Program Files\spring-tool-suite-4-4.27.0.RELEASE-e4.34.0-win32.win32.x86_64\sts-4.27.0.RELEASE\plugins\org.eclipse.m2e.maven.runtime_3.9.900.20240824-1409\jars\plexus-utils-3.5.1.jar
2025-02-14 22:58:04,468 [Worker-12: Launching Executing clean in D__final-wheelsOnDemand_wheelsOnDemand-api_demo] INFO  o.eclipse.m2e.core.internal.Bundles - 	Entry: C:\Program Files\spring-tool-suite-4-4.27.0.RELEASE-e4.34.0-win32.win32.x86_64\sts-4.27.0.RELEASE\plugins\org.eclipse.m2e.maven.runtime_3.9.900.20240824-1409\jars\plexus-xml-3.0.1.jar
2025-02-14 22:58:04,469 [Worker-12: Launching Executing clean in D__final-wheelsOnDemand_wheelsOnDemand-api_demo] INFO  o.eclipse.m2e.core.internal.Bundles - 	Entry: C:\Program Files\spring-tool-suite-4-4.27.0.RELEASE-e4.34.0-win32.win32.x86_64\sts-4.27.0.RELEASE\plugins\org.eclipse.m2e.maven.runtime_3.9.900.20240824-1409\jars\wagon-file-3.5.3.jar
2025-02-14 22:58:04,469 [Worker-12: Launching Executing clean in D__final-wheelsOnDemand_wheelsOnDemand-api_demo] INFO  o.eclipse.m2e.core.internal.Bundles - 	Entry: C:\Program Files\spring-tool-suite-4-4.27.0.RELEASE-e4.34.0-win32.win32.x86_64\sts-4.27.0.RELEASE\plugins\org.eclipse.m2e.maven.runtime_3.9.900.20240824-1409\jars\wagon-http-3.5.3.jar
2025-02-14 22:58:04,470 [Worker-12: Launching Executing clean in D__final-wheelsOnDemand_wheelsOnDemand-api_demo] INFO  o.eclipse.m2e.core.internal.Bundles - 	Entry: C:\Program Files\spring-tool-suite-4-4.27.0.RELEASE-e4.34.0-win32.win32.x86_64\sts-4.27.0.RELEASE\plugins\org.eclipse.m2e.maven.runtime_3.9.900.20240824-1409\jars\wagon-http-shared-3.5.3.jar
2025-02-14 22:58:04,470 [Worker-12: Launching Executing clean in D__final-wheelsOnDemand_wheelsOnDemand-api_demo] INFO  o.eclipse.m2e.core.internal.Bundles - 	Entry: C:\Program Files\spring-tool-suite-4-4.27.0.RELEASE-e4.34.0-win32.win32.x86_64\sts-4.27.0.RELEASE\plugins\org.eclipse.m2e.maven.runtime_3.9.900.20240824-1409\jars\wagon-provider-api-3.5.3.jar
2025-02-14 22:58:04,478 [Worker-12: Launching Executing clean in D__final-wheelsOnDemand_wheelsOnDemand-api_demo] INFO  o.eclipse.m2e.core.internal.Bundles - getClasspathEntries(Bundle=com.google.guava_33.3.1.jre [29])
2025-02-14 22:58:04,479 [Worker-12: Launching Executing clean in D__final-wheelsOnDemand_wheelsOnDemand-api_demo] INFO  o.eclipse.m2e.core.internal.Bundles - 	Entry: C:\Program Files\spring-tool-suite-4-4.27.0.RELEASE-e4.34.0-win32.win32.x86_64\sts-4.27.0.RELEASE\plugins\com.google.guava_33.3.1.jre.jar
2025-02-14 22:58:04,479 [Worker-12: Launching Executing clean in D__final-wheelsOnDemand_wheelsOnDemand-api_demo] INFO  o.eclipse.m2e.core.internal.Bundles - getClasspathEntries(Bundle=slf4j.api_2.0.16 [615])
2025-02-14 22:58:04,480 [Worker-12: Launching Executing clean in D__final-wheelsOnDemand_wheelsOnDemand-api_demo] INFO  o.eclipse.m2e.core.internal.Bundles - 	Entry: C:\Program Files\spring-tool-suite-4-4.27.0.RELEASE-e4.34.0-win32.win32.x86_64\sts-4.27.0.RELEASE\plugins\slf4j.api_2.0.16.jar
2025-02-14 22:58:04,481 [Worker-12: Launching Executing clean in D__final-wheelsOnDemand_wheelsOnDemand-api_demo] INFO  o.eclipse.m2e.core.internal.Bundles - getClasspathEntries(Bundle=jakarta.inject.jakarta.inject-api_1.0.5 [45])
2025-02-14 22:58:04,481 [Worker-12: Launching Executing clean in D__final-wheelsOnDemand_wheelsOnDemand-api_demo] INFO  o.eclipse.m2e.core.internal.Bundles - 	Entry: C:\Program Files\spring-tool-suite-4-4.27.0.RELEASE-e4.34.0-win32.win32.x86_64\sts-4.27.0.RELEASE\plugins\jakarta.inject.jakarta.inject-api_1.0.5.jar
2025-02-14 22:58:04,482 [Worker-12: Launching Executing clean in D__final-wheelsOnDemand_wheelsOnDemand-api_demo] INFO  o.eclipse.m2e.core.internal.Bundles - getClasspathEntries(Bundle=jakarta.annotation-api_1.3.5 [41])
2025-02-14 22:58:04,482 [Worker-12: Launching Executing clean in D__final-wheelsOnDemand_wheelsOnDemand-api_demo] INFO  o.eclipse.m2e.core.internal.Bundles - 	Entry: C:\Program Files\spring-tool-suite-4-4.27.0.RELEASE-e4.34.0-win32.win32.x86_64\sts-4.27.0.RELEASE\plugins\jakarta.annotation-api_1.3.5.jar
2025-02-14 22:58:04,482 [Worker-12: Launching Executing clean in D__final-wheelsOnDemand_wheelsOnDemand-api_demo] INFO  o.eclipse.m2e.core.internal.Bundles - getClasspathEntries(Bundle=org.apache.commons.cli_1.9.0 [78])
2025-02-14 22:58:04,483 [Worker-12: Launching Executing clean in D__final-wheelsOnDemand_wheelsOnDemand-api_demo] INFO  o.eclipse.m2e.core.internal.Bundles - 	Entry: C:\Program Files\spring-tool-suite-4-4.27.0.RELEASE-e4.34.0-win32.win32.x86_64\sts-4.27.0.RELEASE\plugins\org.apache.commons.cli_1.9.0.jar
2025-02-14 22:58:04,483 [Worker-12: Launching Executing clean in D__final-wheelsOnDemand_wheelsOnDemand-api_demo] INFO  o.eclipse.m2e.core.internal.Bundles - getClasspathEntries(Bundle=org.apache.commons.commons-codec_1.16.0 [81])
2025-02-14 22:58:04,484 [Worker-12: Launching Executing clean in D__final-wheelsOnDemand_wheelsOnDemand-api_demo] INFO  o.eclipse.m2e.core.internal.Bundles - 	Entry: C:\Program Files\spring-tool-suite-4-4.27.0.RELEASE-e4.34.0-win32.win32.x86_64\sts-4.27.0.RELEASE\plugins\org.apache.commons.commons-codec_1.16.0.jar
2025-02-14 22:58:04,484 [Worker-12: Launching Executing clean in D__final-wheelsOnDemand_wheelsOnDemand-api_demo] INFO  o.eclipse.m2e.core.internal.Bundles - getClasspathEntries(Bundle=com.google.guava.failureaccess_1.0.2 [30])
2025-02-14 22:58:04,485 [Worker-12: Launching Executing clean in D__final-wheelsOnDemand_wheelsOnDemand-api_demo] INFO  o.eclipse.m2e.core.internal.Bundles - 	Entry: C:\Program Files\spring-tool-suite-4-4.27.0.RELEASE-e4.34.0-win32.win32.x86_64\sts-4.27.0.RELEASE\plugins\com.google.guava.failureaccess_1.0.2.jar
2025-02-14 22:58:04,495 [Worker-12: Launching Executing clean in D__final-wheelsOnDemand_wheelsOnDemand-api_demo] INFO  o.e.m.i.launch.MavenLaunchDelegate - Run build in "D:\final-wheelsOnDemand\wheelsOnDemand-api\demo":
2025-02-14 22:58:04,512 [Worker-12: Launching Executing clean in D__final-wheelsOnDemand_wheelsOnDemand-api_demo] INFO  o.e.m.i.launch.MavenLaunchDelegate -  mvn  -B -Dstyle.color=always clean
2025-02-14 22:58:07,067 [Worker-11: Building] INFO  o.a.m.s.f.DefaultMavenResourcesFiltering - Copying 1 resource from src\main\resources to target\classes
2025-02-14 22:58:07,071 [Worker-11: Building] INFO  o.a.m.s.f.DefaultMavenResourcesFiltering - Copying 0 resource from src\main\resources to target\classes
2025-02-14 22:58:07,077 [Worker-11: Building] INFO  o.a.m.s.f.DefaultMavenResourcesFiltering - skip non existing resourceDirectory D:\final-wheelsOnDemand\wheelsOnDemand-api\demo\src\test\resources
2025-02-14 22:58:10,550 [Worker-11: Building] INFO  o.a.m.s.f.DefaultMavenResourcesFiltering - Copying 1 resource from src\main\resources to target\classes
2025-02-14 22:58:10,553 [Worker-11: Building] INFO  o.a.m.s.f.DefaultMavenResourcesFiltering - Copying 0 resource from src\main\resources to target\classes
2025-02-14 22:58:10,557 [Worker-11: Building] INFO  o.a.m.s.f.DefaultMavenResourcesFiltering - skip non existing resourceDirectory D:\final-wheelsOnDemand\wheelsOnDemand-api\demo\src\test\resources
2025-02-14 22:58:14,250 [Worker-4: Launching demo] INFO  o.eclipse.m2e.core.internal.Bundles - getClasspathEntries(Bundle=org.eclipse.m2e.maven.runtime_3.9.900.20240824-1409 [364])
2025-02-14 22:58:14,252 [Worker-4: Launching demo] INFO  o.eclipse.m2e.core.internal.Bundles - 	Entry: C:\Program Files\spring-tool-suite-4-4.27.0.RELEASE-e4.34.0-win32.win32.x86_64\sts-4.27.0.RELEASE\plugins\org.eclipse.m2e.maven.runtime_3.9.900.20240824-1409
2025-02-14 22:58:14,253 [Worker-4: Launching demo] INFO  o.eclipse.m2e.core.internal.Bundles - 	Entry: C:\Program Files\spring-tool-suite-4-4.27.0.RELEASE-e4.34.0-win32.win32.x86_64\sts-4.27.0.RELEASE\plugins\org.eclipse.m2e.maven.runtime_3.9.900.20240824-1409\jars\aopalliance-1.0.jar
2025-02-14 22:58:14,253 [Worker-4: Launching demo] INFO  o.eclipse.m2e.core.internal.Bundles - 	Entry: C:\Program Files\spring-tool-suite-4-4.27.0.RELEASE-e4.34.0-win32.win32.x86_64\sts-4.27.0.RELEASE\plugins\org.eclipse.m2e.maven.runtime_3.9.900.20240824-1409\jars\guice-5.1.0.jar
2025-02-14 22:58:14,254 [Worker-4: Launching demo] INFO  o.eclipse.m2e.core.internal.Bundles - 	Entry: C:\Program Files\spring-tool-suite-4-4.27.0.RELEASE-e4.34.0-win32.win32.x86_64\sts-4.27.0.RELEASE\plugins\org.eclipse.m2e.maven.runtime_3.9.900.20240824-1409\jars\httpclient-4.5.14.jar
2025-02-14 22:58:14,254 [Worker-4: Launching demo] INFO  o.eclipse.m2e.core.internal.Bundles - 	Entry: C:\Program Files\spring-tool-suite-4-4.27.0.RELEASE-e4.34.0-win32.win32.x86_64\sts-4.27.0.RELEASE\plugins\org.eclipse.m2e.maven.runtime_3.9.900.20240824-1409\jars\httpcore-4.4.16.jar
2025-02-14 22:58:14,254 [Worker-4: Launching demo] INFO  o.eclipse.m2e.core.internal.Bundles - 	Entry: C:\Program Files\spring-tool-suite-4-4.27.0.RELEASE-e4.34.0-win32.win32.x86_64\sts-4.27.0.RELEASE\plugins\org.eclipse.m2e.maven.runtime_3.9.900.20240824-1409\jars\jansi-2.4.1.jar
2025-02-14 22:58:14,255 [Worker-4: Launching demo] INFO  o.eclipse.m2e.core.internal.Bundles - 	Entry: C:\Program Files\spring-tool-suite-4-4.27.0.RELEASE-e4.34.0-win32.win32.x86_64\sts-4.27.0.RELEASE\plugins\org.eclipse.m2e.maven.runtime_3.9.900.20240824-1409\jars\jcl-over-slf4j-1.7.36.jar
2025-02-14 22:58:14,255 [Worker-4: Launching demo] INFO  o.eclipse.m2e.core.internal.Bundles - 	Entry: C:\Program Files\spring-tool-suite-4-4.27.0.RELEASE-e4.34.0-win32.win32.x86_64\sts-4.27.0.RELEASE\plugins\org.eclipse.m2e.maven.runtime_3.9.900.20240824-1409\jars\maven-artifact-3.9.9.jar
2025-02-14 22:58:14,255 [Worker-4: Launching demo] INFO  o.eclipse.m2e.core.internal.Bundles - 	Entry: C:\Program Files\spring-tool-suite-4-4.27.0.RELEASE-e4.34.0-win32.win32.x86_64\sts-4.27.0.RELEASE\plugins\org.eclipse.m2e.maven.runtime_3.9.900.20240824-1409\jars\maven-builder-support-3.9.9.jar
2025-02-14 22:58:14,256 [Worker-4: Launching demo] INFO  o.eclipse.m2e.core.internal.Bundles - 	Entry: C:\Program Files\spring-tool-suite-4-4.27.0.RELEASE-e4.34.0-win32.win32.x86_64\sts-4.27.0.RELEASE\plugins\org.eclipse.m2e.maven.runtime_3.9.900.20240824-1409\jars\maven-compat-3.9.9.jar
2025-02-14 22:58:14,256 [Worker-4: Launching demo] INFO  o.eclipse.m2e.core.internal.Bundles - 	Entry: C:\Program Files\spring-tool-suite-4-4.27.0.RELEASE-e4.34.0-win32.win32.x86_64\sts-4.27.0.RELEASE\plugins\org.eclipse.m2e.maven.runtime_3.9.900.20240824-1409\jars\maven-core-3.9.9.jar
2025-02-14 22:58:14,256 [Worker-4: Launching demo] INFO  o.eclipse.m2e.core.internal.Bundles - 	Entry: C:\Program Files\spring-tool-suite-4-4.27.0.RELEASE-e4.34.0-win32.win32.x86_64\sts-4.27.0.RELEASE\plugins\org.eclipse.m2e.maven.runtime_3.9.900.20240824-1409\jars\maven-embedder-3.9.9.jar
2025-02-14 22:58:14,257 [Worker-4: Launching demo] INFO  o.eclipse.m2e.core.internal.Bundles - 	Entry: C:\Program Files\spring-tool-suite-4-4.27.0.RELEASE-e4.34.0-win32.win32.x86_64\sts-4.27.0.RELEASE\plugins\org.eclipse.m2e.maven.runtime_3.9.900.20240824-1409\jars\maven-model-3.9.9.jar
2025-02-14 22:58:14,257 [Worker-4: Launching demo] INFO  o.eclipse.m2e.core.internal.Bundles - 	Entry: C:\Program Files\spring-tool-suite-4-4.27.0.RELEASE-e4.34.0-win32.win32.x86_64\sts-4.27.0.RELEASE\plugins\org.eclipse.m2e.maven.runtime_3.9.900.20240824-1409\jars\maven-model-builder-3.9.9.jar
2025-02-14 22:58:14,257 [Worker-4: Launching demo] INFO  o.eclipse.m2e.core.internal.Bundles - 	Entry: C:\Program Files\spring-tool-suite-4-4.27.0.RELEASE-e4.34.0-win32.win32.x86_64\sts-4.27.0.RELEASE\plugins\org.eclipse.m2e.maven.runtime_3.9.900.20240824-1409\jars\maven-plugin-api-3.9.9.jar
2025-02-14 22:58:14,257 [Worker-4: Launching demo] INFO  o.eclipse.m2e.core.internal.Bundles - 	Entry: C:\Program Files\spring-tool-suite-4-4.27.0.RELEASE-e4.34.0-win32.win32.x86_64\sts-4.27.0.RELEASE\plugins\org.eclipse.m2e.maven.runtime_3.9.900.20240824-1409\jars\maven-repository-metadata-3.9.9.jar
2025-02-14 22:58:14,257 [Worker-4: Launching demo] INFO  o.eclipse.m2e.core.internal.Bundles - 	Entry: C:\Program Files\spring-tool-suite-4-4.27.0.RELEASE-e4.34.0-win32.win32.x86_64\sts-4.27.0.RELEASE\plugins\org.eclipse.m2e.maven.runtime_3.9.900.20240824-1409\jars\maven-resolver-api-1.9.22.jar
2025-02-14 22:58:14,259 [Worker-4: Launching demo] INFO  o.eclipse.m2e.core.internal.Bundles - 	Entry: C:\Program Files\spring-tool-suite-4-4.27.0.RELEASE-e4.34.0-win32.win32.x86_64\sts-4.27.0.RELEASE\plugins\org.eclipse.m2e.maven.runtime_3.9.900.20240824-1409\jars\maven-resolver-connector-basic-1.9.22.jar
2025-02-14 22:58:14,259 [Worker-4: Launching demo] INFO  o.eclipse.m2e.core.internal.Bundles - 	Entry: C:\Program Files\spring-tool-suite-4-4.27.0.RELEASE-e4.34.0-win32.win32.x86_64\sts-4.27.0.RELEASE\plugins\org.eclipse.m2e.maven.runtime_3.9.900.20240824-1409\jars\maven-resolver-impl-1.9.22.jar
2025-02-14 22:58:14,259 [Worker-4: Launching demo] INFO  o.eclipse.m2e.core.internal.Bundles - 	Entry: C:\Program Files\spring-tool-suite-4-4.27.0.RELEASE-e4.34.0-win32.win32.x86_64\sts-4.27.0.RELEASE\plugins\org.eclipse.m2e.maven.runtime_3.9.900.20240824-1409\jars\maven-resolver-named-locks-1.9.22.jar
2025-02-14 22:58:14,259 [Worker-4: Launching demo] INFO  o.eclipse.m2e.core.internal.Bundles - 	Entry: C:\Program Files\spring-tool-suite-4-4.27.0.RELEASE-e4.34.0-win32.win32.x86_64\sts-4.27.0.RELEASE\plugins\org.eclipse.m2e.maven.runtime_3.9.900.20240824-1409\jars\maven-resolver-provider-3.9.9.jar
2025-02-14 22:58:14,260 [Worker-4: Launching demo] INFO  o.eclipse.m2e.core.internal.Bundles - 	Entry: C:\Program Files\spring-tool-suite-4-4.27.0.RELEASE-e4.34.0-win32.win32.x86_64\sts-4.27.0.RELEASE\plugins\org.eclipse.m2e.maven.runtime_3.9.900.20240824-1409\jars\maven-resolver-spi-1.9.22.jar
2025-02-14 22:58:14,260 [Worker-4: Launching demo] INFO  o.eclipse.m2e.core.internal.Bundles - 	Entry: C:\Program Files\spring-tool-suite-4-4.27.0.RELEASE-e4.34.0-win32.win32.x86_64\sts-4.27.0.RELEASE\plugins\org.eclipse.m2e.maven.runtime_3.9.900.20240824-1409\jars\maven-resolver-transport-file-1.9.22.jar
2025-02-14 22:58:14,260 [Worker-4: Launching demo] INFO  o.eclipse.m2e.core.internal.Bundles - 	Entry: C:\Program Files\spring-tool-suite-4-4.27.0.RELEASE-e4.34.0-win32.win32.x86_64\sts-4.27.0.RELEASE\plugins\org.eclipse.m2e.maven.runtime_3.9.900.20240824-1409\jars\maven-resolver-transport-http-1.9.22.jar
2025-02-14 22:58:14,261 [Worker-4: Launching demo] INFO  o.eclipse.m2e.core.internal.Bundles - 	Entry: C:\Program Files\spring-tool-suite-4-4.27.0.RELEASE-e4.34.0-win32.win32.x86_64\sts-4.27.0.RELEASE\plugins\org.eclipse.m2e.maven.runtime_3.9.900.20240824-1409\jars\maven-resolver-transport-wagon-1.9.22.jar
2025-02-14 22:58:14,261 [Worker-4: Launching demo] INFO  o.eclipse.m2e.core.internal.Bundles - 	Entry: C:\Program Files\spring-tool-suite-4-4.27.0.RELEASE-e4.34.0-win32.win32.x86_64\sts-4.27.0.RELEASE\plugins\org.eclipse.m2e.maven.runtime_3.9.900.20240824-1409\jars\maven-resolver-util-1.9.22.jar
2025-02-14 22:58:14,261 [Worker-4: Launching demo] INFO  o.eclipse.m2e.core.internal.Bundles - 	Entry: C:\Program Files\spring-tool-suite-4-4.27.0.RELEASE-e4.34.0-win32.win32.x86_64\sts-4.27.0.RELEASE\plugins\org.eclipse.m2e.maven.runtime_3.9.900.20240824-1409\jars\maven-settings-3.9.9.jar
2025-02-14 22:58:14,262 [Worker-4: Launching demo] INFO  o.eclipse.m2e.core.internal.Bundles - 	Entry: C:\Program Files\spring-tool-suite-4-4.27.0.RELEASE-e4.34.0-win32.win32.x86_64\sts-4.27.0.RELEASE\plugins\org.eclipse.m2e.maven.runtime_3.9.900.20240824-1409\jars\maven-settings-builder-3.9.9.jar
2025-02-14 22:58:14,263 [Worker-4: Launching demo] INFO  o.eclipse.m2e.core.internal.Bundles - 	Entry: C:\Program Files\spring-tool-suite-4-4.27.0.RELEASE-e4.34.0-win32.win32.x86_64\sts-4.27.0.RELEASE\plugins\org.eclipse.m2e.maven.runtime_3.9.900.20240824-1409\jars\maven-shared-utils-3.4.2.jar
2025-02-14 22:58:14,263 [Worker-4: Launching demo] INFO  o.eclipse.m2e.core.internal.Bundles - 	Entry: C:\Program Files\spring-tool-suite-4-4.27.0.RELEASE-e4.34.0-win32.win32.x86_64\sts-4.27.0.RELEASE\plugins\org.eclipse.m2e.maven.runtime_3.9.900.20240824-1409\jars\org.eclipse.sisu.inject-0.9.0.M3.jar
2025-02-14 22:58:14,264 [Worker-4: Launching demo] INFO  o.eclipse.m2e.core.internal.Bundles - 	Entry: C:\Program Files\spring-tool-suite-4-4.27.0.RELEASE-e4.34.0-win32.win32.x86_64\sts-4.27.0.RELEASE\plugins\org.eclipse.m2e.maven.runtime_3.9.900.20240824-1409\jars\org.eclipse.sisu.plexus-0.9.0.M3.jar
2025-02-14 22:58:14,264 [Worker-4: Launching demo] INFO  o.eclipse.m2e.core.internal.Bundles - 	Entry: C:\Program Files\spring-tool-suite-4-4.27.0.RELEASE-e4.34.0-win32.win32.x86_64\sts-4.27.0.RELEASE\plugins\org.eclipse.m2e.maven.runtime_3.9.900.20240824-1409\jars\plexus-build-api-0.0.7.jar
2025-02-14 22:58:14,265 [Worker-4: Launching demo] INFO  o.eclipse.m2e.core.internal.Bundles - 	Entry: C:\Program Files\spring-tool-suite-4-4.27.0.RELEASE-e4.34.0-win32.win32.x86_64\sts-4.27.0.RELEASE\plugins\org.eclipse.m2e.maven.runtime_3.9.900.20240824-1409\jars\plexus-build-api-1.2.0.jar
2025-02-14 22:58:14,265 [Worker-4: Launching demo] INFO  o.eclipse.m2e.core.internal.Bundles - 	Entry: C:\Program Files\spring-tool-suite-4-4.27.0.RELEASE-e4.34.0-win32.win32.x86_64\sts-4.27.0.RELEASE\plugins\org.eclipse.m2e.maven.runtime_3.9.900.20240824-1409\jars\plexus-cipher-2.0.jar
2025-02-14 22:58:14,267 [Worker-4: Launching demo] INFO  o.eclipse.m2e.core.internal.Bundles - 	Entry: C:\Program Files\spring-tool-suite-4-4.27.0.RELEASE-e4.34.0-win32.win32.x86_64\sts-4.27.0.RELEASE\plugins\org.eclipse.m2e.maven.runtime_3.9.900.20240824-1409\jars\plexus-classworlds-2.8.0.jar
2025-02-14 22:58:14,267 [Worker-4: Launching demo] INFO  o.eclipse.m2e.core.internal.Bundles - 	Entry: C:\Program Files\spring-tool-suite-4-4.27.0.RELEASE-e4.34.0-win32.win32.x86_64\sts-4.27.0.RELEASE\plugins\org.eclipse.m2e.maven.runtime_3.9.900.20240824-1409\jars\plexus-component-annotations-2.1.0.jar
2025-02-14 22:58:14,268 [Worker-4: Launching demo] INFO  o.eclipse.m2e.core.internal.Bundles - 	Entry: C:\Program Files\spring-tool-suite-4-4.27.0.RELEASE-e4.34.0-win32.win32.x86_64\sts-4.27.0.RELEASE\plugins\org.eclipse.m2e.maven.runtime_3.9.900.20240824-1409\jars\plexus-interpolation-1.27.jar
2025-02-14 22:58:14,269 [Worker-4: Launching demo] INFO  o.eclipse.m2e.core.internal.Bundles - 	Entry: C:\Program Files\spring-tool-suite-4-4.27.0.RELEASE-e4.34.0-win32.win32.x86_64\sts-4.27.0.RELEASE\plugins\org.eclipse.m2e.maven.runtime_3.9.900.20240824-1409\jars\plexus-sec-dispatcher-2.0.jar
2025-02-14 22:58:14,270 [Worker-4: Launching demo] INFO  o.eclipse.m2e.core.internal.Bundles - 	Entry: C:\Program Files\spring-tool-suite-4-4.27.0.RELEASE-e4.34.0-win32.win32.x86_64\sts-4.27.0.RELEASE\plugins\org.eclipse.m2e.maven.runtime_3.9.900.20240824-1409\jars\plexus-utils-3.5.1.jar
2025-02-14 22:58:14,270 [Worker-4: Launching demo] INFO  o.eclipse.m2e.core.internal.Bundles - 	Entry: C:\Program Files\spring-tool-suite-4-4.27.0.RELEASE-e4.34.0-win32.win32.x86_64\sts-4.27.0.RELEASE\plugins\org.eclipse.m2e.maven.runtime_3.9.900.20240824-1409\jars\plexus-xml-3.0.1.jar
2025-02-14 22:58:14,271 [Worker-4: Launching demo] INFO  o.eclipse.m2e.core.internal.Bundles - 	Entry: C:\Program Files\spring-tool-suite-4-4.27.0.RELEASE-e4.34.0-win32.win32.x86_64\sts-4.27.0.RELEASE\plugins\org.eclipse.m2e.maven.runtime_3.9.900.20240824-1409\jars\wagon-file-3.5.3.jar
2025-02-14 22:58:14,272 [Worker-4: Launching demo] INFO  o.eclipse.m2e.core.internal.Bundles - 	Entry: C:\Program Files\spring-tool-suite-4-4.27.0.RELEASE-e4.34.0-win32.win32.x86_64\sts-4.27.0.RELEASE\plugins\org.eclipse.m2e.maven.runtime_3.9.900.20240824-1409\jars\wagon-http-3.5.3.jar
2025-02-14 22:58:14,273 [Worker-4: Launching demo] INFO  o.eclipse.m2e.core.internal.Bundles - 	Entry: C:\Program Files\spring-tool-suite-4-4.27.0.RELEASE-e4.34.0-win32.win32.x86_64\sts-4.27.0.RELEASE\plugins\org.eclipse.m2e.maven.runtime_3.9.900.20240824-1409\jars\wagon-http-shared-3.5.3.jar
2025-02-14 22:58:14,273 [Worker-4: Launching demo] INFO  o.eclipse.m2e.core.internal.Bundles - 	Entry: C:\Program Files\spring-tool-suite-4-4.27.0.RELEASE-e4.34.0-win32.win32.x86_64\sts-4.27.0.RELEASE\plugins\org.eclipse.m2e.maven.runtime_3.9.900.20240824-1409\jars\wagon-provider-api-3.5.3.jar
2025-02-14 22:58:14,274 [Worker-4: Launching demo] INFO  o.eclipse.m2e.core.internal.Bundles - getClasspathEntries(Bundle=com.google.guava_33.3.1.jre [29])
2025-02-14 22:58:14,274 [Worker-4: Launching demo] INFO  o.eclipse.m2e.core.internal.Bundles - 	Entry: C:\Program Files\spring-tool-suite-4-4.27.0.RELEASE-e4.34.0-win32.win32.x86_64\sts-4.27.0.RELEASE\plugins\com.google.guava_33.3.1.jre.jar
2025-02-14 22:58:14,275 [Worker-4: Launching demo] INFO  o.eclipse.m2e.core.internal.Bundles - getClasspathEntries(Bundle=slf4j.api_2.0.16 [615])
2025-02-14 22:58:14,275 [Worker-4: Launching demo] INFO  o.eclipse.m2e.core.internal.Bundles - 	Entry: C:\Program Files\spring-tool-suite-4-4.27.0.RELEASE-e4.34.0-win32.win32.x86_64\sts-4.27.0.RELEASE\plugins\slf4j.api_2.0.16.jar
2025-02-14 22:58:14,275 [Worker-4: Launching demo] INFO  o.eclipse.m2e.core.internal.Bundles - getClasspathEntries(Bundle=jakarta.inject.jakarta.inject-api_1.0.5 [45])
2025-02-14 22:58:14,276 [Worker-4: Launching demo] INFO  o.eclipse.m2e.core.internal.Bundles - 	Entry: C:\Program Files\spring-tool-suite-4-4.27.0.RELEASE-e4.34.0-win32.win32.x86_64\sts-4.27.0.RELEASE\plugins\jakarta.inject.jakarta.inject-api_1.0.5.jar
2025-02-14 22:58:14,277 [Worker-4: Launching demo] INFO  o.eclipse.m2e.core.internal.Bundles - getClasspathEntries(Bundle=jakarta.annotation-api_1.3.5 [41])
2025-02-14 22:58:14,278 [Worker-4: Launching demo] INFO  o.eclipse.m2e.core.internal.Bundles - 	Entry: C:\Program Files\spring-tool-suite-4-4.27.0.RELEASE-e4.34.0-win32.win32.x86_64\sts-4.27.0.RELEASE\plugins\jakarta.annotation-api_1.3.5.jar
2025-02-14 22:58:14,278 [Worker-4: Launching demo] INFO  o.eclipse.m2e.core.internal.Bundles - getClasspathEntries(Bundle=org.apache.commons.cli_1.9.0 [78])
2025-02-14 22:58:14,278 [Worker-4: Launching demo] INFO  o.eclipse.m2e.core.internal.Bundles - 	Entry: C:\Program Files\spring-tool-suite-4-4.27.0.RELEASE-e4.34.0-win32.win32.x86_64\sts-4.27.0.RELEASE\plugins\org.apache.commons.cli_1.9.0.jar
2025-02-14 22:58:14,279 [Worker-4: Launching demo] INFO  o.eclipse.m2e.core.internal.Bundles - getClasspathEntries(Bundle=org.apache.commons.commons-codec_1.16.0 [81])
2025-02-14 22:58:14,279 [Worker-4: Launching demo] INFO  o.eclipse.m2e.core.internal.Bundles - 	Entry: C:\Program Files\spring-tool-suite-4-4.27.0.RELEASE-e4.34.0-win32.win32.x86_64\sts-4.27.0.RELEASE\plugins\org.apache.commons.commons-codec_1.16.0.jar
2025-02-14 22:58:14,280 [Worker-4: Launching demo] INFO  o.eclipse.m2e.core.internal.Bundles - getClasspathEntries(Bundle=com.google.guava.failureaccess_1.0.2 [30])
2025-02-14 22:58:14,280 [Worker-4: Launching demo] INFO  o.eclipse.m2e.core.internal.Bundles - 	Entry: C:\Program Files\spring-tool-suite-4-4.27.0.RELEASE-e4.34.0-win32.win32.x86_64\sts-4.27.0.RELEASE\plugins\com.google.guava.failureaccess_1.0.2.jar
2025-02-14 22:58:14,282 [Worker-4: Launching demo] INFO  o.e.m.i.launch.MavenLaunchDelegate - Run build in "D:\final-wheelsOnDemand\wheelsOnDemand-api\demo":
2025-02-14 22:58:14,282 [Worker-4: Launching demo] INFO  o.e.m.i.launch.MavenLaunchDelegate -  mvn  -B -Dstyle.color=always clean and compile
2025-02-14 22:58:34,977 [main] INFO  o.e.m2e.actions.ExecutePomAction - Creating new launch configuration
2025-02-14 22:58:48,588 [Worker-3: Launching demo (1)] INFO  o.eclipse.m2e.core.internal.Bundles - getClasspathEntries(Bundle=org.eclipse.m2e.maven.runtime_3.9.900.20240824-1409 [364])
2025-02-14 22:58:48,591 [Worker-3: Launching demo (1)] INFO  o.eclipse.m2e.core.internal.Bundles - 	Entry: C:\Program Files\spring-tool-suite-4-4.27.0.RELEASE-e4.34.0-win32.win32.x86_64\sts-4.27.0.RELEASE\plugins\org.eclipse.m2e.maven.runtime_3.9.900.20240824-1409
2025-02-14 22:58:48,591 [Worker-3: Launching demo (1)] INFO  o.eclipse.m2e.core.internal.Bundles - 	Entry: C:\Program Files\spring-tool-suite-4-4.27.0.RELEASE-e4.34.0-win32.win32.x86_64\sts-4.27.0.RELEASE\plugins\org.eclipse.m2e.maven.runtime_3.9.900.20240824-1409\jars\aopalliance-1.0.jar
2025-02-14 22:58:48,593 [Worker-3: Launching demo (1)] INFO  o.eclipse.m2e.core.internal.Bundles - 	Entry: C:\Program Files\spring-tool-suite-4-4.27.0.RELEASE-e4.34.0-win32.win32.x86_64\sts-4.27.0.RELEASE\plugins\org.eclipse.m2e.maven.runtime_3.9.900.20240824-1409\jars\guice-5.1.0.jar
2025-02-14 22:58:48,593 [Worker-3: Launching demo (1)] INFO  o.eclipse.m2e.core.internal.Bundles - 	Entry: C:\Program Files\spring-tool-suite-4-4.27.0.RELEASE-e4.34.0-win32.win32.x86_64\sts-4.27.0.RELEASE\plugins\org.eclipse.m2e.maven.runtime_3.9.900.20240824-1409\jars\httpclient-4.5.14.jar
2025-02-14 22:58:48,594 [Worker-3: Launching demo (1)] INFO  o.eclipse.m2e.core.internal.Bundles - 	Entry: C:\Program Files\spring-tool-suite-4-4.27.0.RELEASE-e4.34.0-win32.win32.x86_64\sts-4.27.0.RELEASE\plugins\org.eclipse.m2e.maven.runtime_3.9.900.20240824-1409\jars\httpcore-4.4.16.jar
2025-02-14 22:58:48,596 [Worker-3: Launching demo (1)] INFO  o.eclipse.m2e.core.internal.Bundles - 	Entry: C:\Program Files\spring-tool-suite-4-4.27.0.RELEASE-e4.34.0-win32.win32.x86_64\sts-4.27.0.RELEASE\plugins\org.eclipse.m2e.maven.runtime_3.9.900.20240824-1409\jars\jansi-2.4.1.jar
2025-02-14 22:58:48,597 [Worker-3: Launching demo (1)] INFO  o.eclipse.m2e.core.internal.Bundles - 	Entry: C:\Program Files\spring-tool-suite-4-4.27.0.RELEASE-e4.34.0-win32.win32.x86_64\sts-4.27.0.RELEASE\plugins\org.eclipse.m2e.maven.runtime_3.9.900.20240824-1409\jars\jcl-over-slf4j-1.7.36.jar
2025-02-14 22:58:48,598 [Worker-3: Launching demo (1)] INFO  o.eclipse.m2e.core.internal.Bundles - 	Entry: C:\Program Files\spring-tool-suite-4-4.27.0.RELEASE-e4.34.0-win32.win32.x86_64\sts-4.27.0.RELEASE\plugins\org.eclipse.m2e.maven.runtime_3.9.900.20240824-1409\jars\maven-artifact-3.9.9.jar
2025-02-14 22:58:48,599 [Worker-3: Launching demo (1)] INFO  o.eclipse.m2e.core.internal.Bundles - 	Entry: C:\Program Files\spring-tool-suite-4-4.27.0.RELEASE-e4.34.0-win32.win32.x86_64\sts-4.27.0.RELEASE\plugins\org.eclipse.m2e.maven.runtime_3.9.900.20240824-1409\jars\maven-builder-support-3.9.9.jar
2025-02-14 22:58:48,599 [Worker-3: Launching demo (1)] INFO  o.eclipse.m2e.core.internal.Bundles - 	Entry: C:\Program Files\spring-tool-suite-4-4.27.0.RELEASE-e4.34.0-win32.win32.x86_64\sts-4.27.0.RELEASE\plugins\org.eclipse.m2e.maven.runtime_3.9.900.20240824-1409\jars\maven-compat-3.9.9.jar
2025-02-14 22:58:48,599 [Worker-3: Launching demo (1)] INFO  o.eclipse.m2e.core.internal.Bundles - 	Entry: C:\Program Files\spring-tool-suite-4-4.27.0.RELEASE-e4.34.0-win32.win32.x86_64\sts-4.27.0.RELEASE\plugins\org.eclipse.m2e.maven.runtime_3.9.900.20240824-1409\jars\maven-core-3.9.9.jar
2025-02-14 22:58:48,600 [Worker-3: Launching demo (1)] INFO  o.eclipse.m2e.core.internal.Bundles - 	Entry: C:\Program Files\spring-tool-suite-4-4.27.0.RELEASE-e4.34.0-win32.win32.x86_64\sts-4.27.0.RELEASE\plugins\org.eclipse.m2e.maven.runtime_3.9.900.20240824-1409\jars\maven-embedder-3.9.9.jar
2025-02-14 22:58:48,600 [Worker-3: Launching demo (1)] INFO  o.eclipse.m2e.core.internal.Bundles - 	Entry: C:\Program Files\spring-tool-suite-4-4.27.0.RELEASE-e4.34.0-win32.win32.x86_64\sts-4.27.0.RELEASE\plugins\org.eclipse.m2e.maven.runtime_3.9.900.20240824-1409\jars\maven-model-3.9.9.jar
2025-02-14 22:58:48,600 [Worker-3: Launching demo (1)] INFO  o.eclipse.m2e.core.internal.Bundles - 	Entry: C:\Program Files\spring-tool-suite-4-4.27.0.RELEASE-e4.34.0-win32.win32.x86_64\sts-4.27.0.RELEASE\plugins\org.eclipse.m2e.maven.runtime_3.9.900.20240824-1409\jars\maven-model-builder-3.9.9.jar
2025-02-14 22:58:48,601 [Worker-3: Launching demo (1)] INFO  o.eclipse.m2e.core.internal.Bundles - 	Entry: C:\Program Files\spring-tool-suite-4-4.27.0.RELEASE-e4.34.0-win32.win32.x86_64\sts-4.27.0.RELEASE\plugins\org.eclipse.m2e.maven.runtime_3.9.900.20240824-1409\jars\maven-plugin-api-3.9.9.jar
2025-02-14 22:58:48,601 [Worker-3: Launching demo (1)] INFO  o.eclipse.m2e.core.internal.Bundles - 	Entry: C:\Program Files\spring-tool-suite-4-4.27.0.RELEASE-e4.34.0-win32.win32.x86_64\sts-4.27.0.RELEASE\plugins\org.eclipse.m2e.maven.runtime_3.9.900.20240824-1409\jars\maven-repository-metadata-3.9.9.jar
2025-02-14 22:58:48,602 [Worker-3: Launching demo (1)] INFO  o.eclipse.m2e.core.internal.Bundles - 	Entry: C:\Program Files\spring-tool-suite-4-4.27.0.RELEASE-e4.34.0-win32.win32.x86_64\sts-4.27.0.RELEASE\plugins\org.eclipse.m2e.maven.runtime_3.9.900.20240824-1409\jars\maven-resolver-api-1.9.22.jar
2025-02-14 22:58:48,602 [Worker-3: Launching demo (1)] INFO  o.eclipse.m2e.core.internal.Bundles - 	Entry: C:\Program Files\spring-tool-suite-4-4.27.0.RELEASE-e4.34.0-win32.win32.x86_64\sts-4.27.0.RELEASE\plugins\org.eclipse.m2e.maven.runtime_3.9.900.20240824-1409\jars\maven-resolver-connector-basic-1.9.22.jar
2025-02-14 22:58:48,602 [Worker-3: Launching demo (1)] INFO  o.eclipse.m2e.core.internal.Bundles - 	Entry: C:\Program Files\spring-tool-suite-4-4.27.0.RELEASE-e4.34.0-win32.win32.x86_64\sts-4.27.0.RELEASE\plugins\org.eclipse.m2e.maven.runtime_3.9.900.20240824-1409\jars\maven-resolver-impl-1.9.22.jar
2025-02-14 22:58:48,603 [Worker-3: Launching demo (1)] INFO  o.eclipse.m2e.core.internal.Bundles - 	Entry: C:\Program Files\spring-tool-suite-4-4.27.0.RELEASE-e4.34.0-win32.win32.x86_64\sts-4.27.0.RELEASE\plugins\org.eclipse.m2e.maven.runtime_3.9.900.20240824-1409\jars\maven-resolver-named-locks-1.9.22.jar
2025-02-14 22:58:48,603 [Worker-3: Launching demo (1)] INFO  o.eclipse.m2e.core.internal.Bundles - 	Entry: C:\Program Files\spring-tool-suite-4-4.27.0.RELEASE-e4.34.0-win32.win32.x86_64\sts-4.27.0.RELEASE\plugins\org.eclipse.m2e.maven.runtime_3.9.900.20240824-1409\jars\maven-resolver-provider-3.9.9.jar
2025-02-14 22:58:48,605 [Worker-3: Launching demo (1)] INFO  o.eclipse.m2e.core.internal.Bundles - 	Entry: C:\Program Files\spring-tool-suite-4-4.27.0.RELEASE-e4.34.0-win32.win32.x86_64\sts-4.27.0.RELEASE\plugins\org.eclipse.m2e.maven.runtime_3.9.900.20240824-1409\jars\maven-resolver-spi-1.9.22.jar
2025-02-14 22:58:48,605 [Worker-3: Launching demo (1)] INFO  o.eclipse.m2e.core.internal.Bundles - 	Entry: C:\Program Files\spring-tool-suite-4-4.27.0.RELEASE-e4.34.0-win32.win32.x86_64\sts-4.27.0.RELEASE\plugins\org.eclipse.m2e.maven.runtime_3.9.900.20240824-1409\jars\maven-resolver-transport-file-1.9.22.jar
2025-02-14 22:58:48,605 [Worker-3: Launching demo (1)] INFO  o.eclipse.m2e.core.internal.Bundles - 	Entry: C:\Program Files\spring-tool-suite-4-4.27.0.RELEASE-e4.34.0-win32.win32.x86_64\sts-4.27.0.RELEASE\plugins\org.eclipse.m2e.maven.runtime_3.9.900.20240824-1409\jars\maven-resolver-transport-http-1.9.22.jar
2025-02-14 22:58:48,606 [Worker-3: Launching demo (1)] INFO  o.eclipse.m2e.core.internal.Bundles - 	Entry: C:\Program Files\spring-tool-suite-4-4.27.0.RELEASE-e4.34.0-win32.win32.x86_64\sts-4.27.0.RELEASE\plugins\org.eclipse.m2e.maven.runtime_3.9.900.20240824-1409\jars\maven-resolver-transport-wagon-1.9.22.jar
2025-02-14 22:58:48,606 [Worker-3: Launching demo (1)] INFO  o.eclipse.m2e.core.internal.Bundles - 	Entry: C:\Program Files\spring-tool-suite-4-4.27.0.RELEASE-e4.34.0-win32.win32.x86_64\sts-4.27.0.RELEASE\plugins\org.eclipse.m2e.maven.runtime_3.9.900.20240824-1409\jars\maven-resolver-util-1.9.22.jar
2025-02-14 22:58:48,607 [Worker-3: Launching demo (1)] INFO  o.eclipse.m2e.core.internal.Bundles - 	Entry: C:\Program Files\spring-tool-suite-4-4.27.0.RELEASE-e4.34.0-win32.win32.x86_64\sts-4.27.0.RELEASE\plugins\org.eclipse.m2e.maven.runtime_3.9.900.20240824-1409\jars\maven-settings-3.9.9.jar
2025-02-14 22:58:48,607 [Worker-3: Launching demo (1)] INFO  o.eclipse.m2e.core.internal.Bundles - 	Entry: C:\Program Files\spring-tool-suite-4-4.27.0.RELEASE-e4.34.0-win32.win32.x86_64\sts-4.27.0.RELEASE\plugins\org.eclipse.m2e.maven.runtime_3.9.900.20240824-1409\jars\maven-settings-builder-3.9.9.jar
2025-02-14 22:58:48,608 [Worker-3: Launching demo (1)] INFO  o.eclipse.m2e.core.internal.Bundles - 	Entry: C:\Program Files\spring-tool-suite-4-4.27.0.RELEASE-e4.34.0-win32.win32.x86_64\sts-4.27.0.RELEASE\plugins\org.eclipse.m2e.maven.runtime_3.9.900.20240824-1409\jars\maven-shared-utils-3.4.2.jar
2025-02-14 22:58:48,608 [Worker-3: Launching demo (1)] INFO  o.eclipse.m2e.core.internal.Bundles - 	Entry: C:\Program Files\spring-tool-suite-4-4.27.0.RELEASE-e4.34.0-win32.win32.x86_64\sts-4.27.0.RELEASE\plugins\org.eclipse.m2e.maven.runtime_3.9.900.20240824-1409\jars\org.eclipse.sisu.inject-0.9.0.M3.jar
2025-02-14 22:58:48,609 [Worker-3: Launching demo (1)] INFO  o.eclipse.m2e.core.internal.Bundles - 	Entry: C:\Program Files\spring-tool-suite-4-4.27.0.RELEASE-e4.34.0-win32.win32.x86_64\sts-4.27.0.RELEASE\plugins\org.eclipse.m2e.maven.runtime_3.9.900.20240824-1409\jars\org.eclipse.sisu.plexus-0.9.0.M3.jar
2025-02-14 22:58:48,610 [Worker-3: Launching demo (1)] INFO  o.eclipse.m2e.core.internal.Bundles - 	Entry: C:\Program Files\spring-tool-suite-4-4.27.0.RELEASE-e4.34.0-win32.win32.x86_64\sts-4.27.0.RELEASE\plugins\org.eclipse.m2e.maven.runtime_3.9.900.20240824-1409\jars\plexus-build-api-0.0.7.jar
2025-02-14 22:58:48,610 [Worker-3: Launching demo (1)] INFO  o.eclipse.m2e.core.internal.Bundles - 	Entry: C:\Program Files\spring-tool-suite-4-4.27.0.RELEASE-e4.34.0-win32.win32.x86_64\sts-4.27.0.RELEASE\plugins\org.eclipse.m2e.maven.runtime_3.9.900.20240824-1409\jars\plexus-build-api-1.2.0.jar
2025-02-14 22:58:48,610 [Worker-3: Launching demo (1)] INFO  o.eclipse.m2e.core.internal.Bundles - 	Entry: C:\Program Files\spring-tool-suite-4-4.27.0.RELEASE-e4.34.0-win32.win32.x86_64\sts-4.27.0.RELEASE\plugins\org.eclipse.m2e.maven.runtime_3.9.900.20240824-1409\jars\plexus-cipher-2.0.jar
2025-02-14 22:58:48,610 [Worker-3: Launching demo (1)] INFO  o.eclipse.m2e.core.internal.Bundles - 	Entry: C:\Program Files\spring-tool-suite-4-4.27.0.RELEASE-e4.34.0-win32.win32.x86_64\sts-4.27.0.RELEASE\plugins\org.eclipse.m2e.maven.runtime_3.9.900.20240824-1409\jars\plexus-classworlds-2.8.0.jar
2025-02-14 22:58:48,611 [Worker-3: Launching demo (1)] INFO  o.eclipse.m2e.core.internal.Bundles - 	Entry: C:\Program Files\spring-tool-suite-4-4.27.0.RELEASE-e4.34.0-win32.win32.x86_64\sts-4.27.0.RELEASE\plugins\org.eclipse.m2e.maven.runtime_3.9.900.20240824-1409\jars\plexus-component-annotations-2.1.0.jar
2025-02-14 22:58:48,611 [Worker-3: Launching demo (1)] INFO  o.eclipse.m2e.core.internal.Bundles - 	Entry: C:\Program Files\spring-tool-suite-4-4.27.0.RELEASE-e4.34.0-win32.win32.x86_64\sts-4.27.0.RELEASE\plugins\org.eclipse.m2e.maven.runtime_3.9.900.20240824-1409\jars\plexus-interpolation-1.27.jar
2025-02-14 22:58:48,611 [Worker-3: Launching demo (1)] INFO  o.eclipse.m2e.core.internal.Bundles - 	Entry: C:\Program Files\spring-tool-suite-4-4.27.0.RELEASE-e4.34.0-win32.win32.x86_64\sts-4.27.0.RELEASE\plugins\org.eclipse.m2e.maven.runtime_3.9.900.20240824-1409\jars\plexus-sec-dispatcher-2.0.jar
2025-02-14 22:58:48,611 [Worker-3: Launching demo (1)] INFO  o.eclipse.m2e.core.internal.Bundles - 	Entry: C:\Program Files\spring-tool-suite-4-4.27.0.RELEASE-e4.34.0-win32.win32.x86_64\sts-4.27.0.RELEASE\plugins\org.eclipse.m2e.maven.runtime_3.9.900.20240824-1409\jars\plexus-utils-3.5.1.jar
2025-02-14 22:58:48,613 [Worker-3: Launching demo (1)] INFO  o.eclipse.m2e.core.internal.Bundles - 	Entry: C:\Program Files\spring-tool-suite-4-4.27.0.RELEASE-e4.34.0-win32.win32.x86_64\sts-4.27.0.RELEASE\plugins\org.eclipse.m2e.maven.runtime_3.9.900.20240824-1409\jars\plexus-xml-3.0.1.jar
2025-02-14 22:58:48,613 [Worker-3: Launching demo (1)] INFO  o.eclipse.m2e.core.internal.Bundles - 	Entry: C:\Program Files\spring-tool-suite-4-4.27.0.RELEASE-e4.34.0-win32.win32.x86_64\sts-4.27.0.RELEASE\plugins\org.eclipse.m2e.maven.runtime_3.9.900.20240824-1409\jars\wagon-file-3.5.3.jar
2025-02-14 22:58:48,613 [Worker-3: Launching demo (1)] INFO  o.eclipse.m2e.core.internal.Bundles - 	Entry: C:\Program Files\spring-tool-suite-4-4.27.0.RELEASE-e4.34.0-win32.win32.x86_64\sts-4.27.0.RELEASE\plugins\org.eclipse.m2e.maven.runtime_3.9.900.20240824-1409\jars\wagon-http-3.5.3.jar
2025-02-14 22:58:48,613 [Worker-3: Launching demo (1)] INFO  o.eclipse.m2e.core.internal.Bundles - 	Entry: C:\Program Files\spring-tool-suite-4-4.27.0.RELEASE-e4.34.0-win32.win32.x86_64\sts-4.27.0.RELEASE\plugins\org.eclipse.m2e.maven.runtime_3.9.900.20240824-1409\jars\wagon-http-shared-3.5.3.jar
2025-02-14 22:58:48,614 [Worker-3: Launching demo (1)] INFO  o.eclipse.m2e.core.internal.Bundles - 	Entry: C:\Program Files\spring-tool-suite-4-4.27.0.RELEASE-e4.34.0-win32.win32.x86_64\sts-4.27.0.RELEASE\plugins\org.eclipse.m2e.maven.runtime_3.9.900.20240824-1409\jars\wagon-provider-api-3.5.3.jar
2025-02-14 22:58:48,614 [Worker-3: Launching demo (1)] INFO  o.eclipse.m2e.core.internal.Bundles - getClasspathEntries(Bundle=com.google.guava_33.3.1.jre [29])
2025-02-14 22:58:48,615 [Worker-3: Launching demo (1)] INFO  o.eclipse.m2e.core.internal.Bundles - 	Entry: C:\Program Files\spring-tool-suite-4-4.27.0.RELEASE-e4.34.0-win32.win32.x86_64\sts-4.27.0.RELEASE\plugins\com.google.guava_33.3.1.jre.jar
2025-02-14 22:58:48,615 [Worker-3: Launching demo (1)] INFO  o.eclipse.m2e.core.internal.Bundles - getClasspathEntries(Bundle=slf4j.api_2.0.16 [615])
2025-02-14 22:58:48,616 [Worker-3: Launching demo (1)] INFO  o.eclipse.m2e.core.internal.Bundles - 	Entry: C:\Program Files\spring-tool-suite-4-4.27.0.RELEASE-e4.34.0-win32.win32.x86_64\sts-4.27.0.RELEASE\plugins\slf4j.api_2.0.16.jar
2025-02-14 22:58:48,616 [Worker-3: Launching demo (1)] INFO  o.eclipse.m2e.core.internal.Bundles - getClasspathEntries(Bundle=jakarta.inject.jakarta.inject-api_1.0.5 [45])
2025-02-14 22:58:48,617 [Worker-3: Launching demo (1)] INFO  o.eclipse.m2e.core.internal.Bundles - 	Entry: C:\Program Files\spring-tool-suite-4-4.27.0.RELEASE-e4.34.0-win32.win32.x86_64\sts-4.27.0.RELEASE\plugins\jakarta.inject.jakarta.inject-api_1.0.5.jar
2025-02-14 22:58:48,617 [Worker-3: Launching demo (1)] INFO  o.eclipse.m2e.core.internal.Bundles - getClasspathEntries(Bundle=jakarta.annotation-api_1.3.5 [41])
2025-02-14 22:58:48,619 [Worker-3: Launching demo (1)] INFO  o.eclipse.m2e.core.internal.Bundles - 	Entry: C:\Program Files\spring-tool-suite-4-4.27.0.RELEASE-e4.34.0-win32.win32.x86_64\sts-4.27.0.RELEASE\plugins\jakarta.annotation-api_1.3.5.jar
2025-02-14 22:58:48,619 [Worker-3: Launching demo (1)] INFO  o.eclipse.m2e.core.internal.Bundles - getClasspathEntries(Bundle=org.apache.commons.cli_1.9.0 [78])
2025-02-14 22:58:48,620 [Worker-3: Launching demo (1)] INFO  o.eclipse.m2e.core.internal.Bundles - 	Entry: C:\Program Files\spring-tool-suite-4-4.27.0.RELEASE-e4.34.0-win32.win32.x86_64\sts-4.27.0.RELEASE\plugins\org.apache.commons.cli_1.9.0.jar
2025-02-14 22:58:48,620 [Worker-3: Launching demo (1)] INFO  o.eclipse.m2e.core.internal.Bundles - getClasspathEntries(Bundle=org.apache.commons.commons-codec_1.16.0 [81])
2025-02-14 22:58:48,621 [Worker-3: Launching demo (1)] INFO  o.eclipse.m2e.core.internal.Bundles - 	Entry: C:\Program Files\spring-tool-suite-4-4.27.0.RELEASE-e4.34.0-win32.win32.x86_64\sts-4.27.0.RELEASE\plugins\org.apache.commons.commons-codec_1.16.0.jar
2025-02-14 22:58:48,621 [Worker-3: Launching demo (1)] INFO  o.eclipse.m2e.core.internal.Bundles - getClasspathEntries(Bundle=com.google.guava.failureaccess_1.0.2 [30])
2025-02-14 22:58:48,622 [Worker-3: Launching demo (1)] INFO  o.eclipse.m2e.core.internal.Bundles - 	Entry: C:\Program Files\spring-tool-suite-4-4.27.0.RELEASE-e4.34.0-win32.win32.x86_64\sts-4.27.0.RELEASE\plugins\com.google.guava.failureaccess_1.0.2.jar
2025-02-14 22:58:48,625 [Worker-3: Launching demo (1)] INFO  o.e.m.i.launch.MavenLaunchDelegate - Run build in "D:\final-wheelsOnDemand\wheelsOnDemand-api\demo":
2025-02-14 22:58:48,625 [Worker-3: Launching demo (1)] INFO  o.e.m.i.launch.MavenLaunchDelegate -  mvn  -B -Dstyle.color=always compile
2025-02-14 23:22:35,960 [Worker-7: Loading available Gradle versions] INFO  o.e.b.c.i.u.g.PublishedGradleVersions - Gradle version information cache is up-to-date. Trying to read.
